<?xml version="1.0" encoding="UTF-8"?>
<!-- Generated by org.testng.reporters.JUnitXMLReporter -->
<testsuite hostname="HP-PC" name="NewUserRegistration" tests="2" failures="0" timestamp="11 Apr 2018 12:12:37 GMT" time="0.835" errors="0">
  <testcase name="@BeforeTest setUp" time="0.0" classname="com.DataDriven.NewTours_NewUserRegistartion_MultipleTestData">
    <failure type="java.lang.IllegalStateException" message="The driver executable does not exist: C:\Users\Sys\Desktop\chromedriver.exe">
      <![CDATA[java.lang.IllegalStateException: The driver executable does not exist: C:\Users\Sys\Desktop\chromedriver.exe
	at com.google.common.base.Preconditions.checkState(Preconditions.java:199)
	at org.openqa.selenium.remote.service.DriverService.checkExecutable(DriverService.java:121)
	at org.openqa.selenium.remote.service.DriverService.findExecutable(DriverService.java:116)
	at org.openqa.selenium.chrome.ChromeDriverService.access$0(ChromeDriverService.java:1)
	at org.openqa.selenium.chrome.ChromeDriverService$Builder.findDefaultExecutable(ChromeDriverService.java:137)
	at org.openqa.selenium.remote.service.DriverService$Builder.build(DriverService.java:296)
	at org.openqa.selenium.chrome.ChromeDriverService.createDefaultService(ChromeDriverService.java:88)
	at org.openqa.selenium.chrome.ChromeDriver.<init>(ChromeDriver.java:116)
	at com.DataDriven.NewTours_NewUserRegistartion_MultipleTestData.setUp(NewTours_NewUserRegistartion_MultipleTestData.java:30)
	at java.util.concurrent.FutureTask.run(Unknown Source)
	at java.util.concurrent.ThreadPoolExecutor.runWorker(Unknown Source)
	at java.util.concurrent.ThreadPoolExecutor$Worker.run(Unknown Source)
	at java.lang.Thread.run(Unknown Source)
... Removed 14 stack frames]]>
    </failure>
  </testcase> <!-- @BeforeTest setUp -->
  <testcase name="@AfterTest tearDown" time="0.0" classname="com.DataDriven.NewTours_NewUserRegistartion_MultipleTestData">
    <skipped/>
  </testcase> <!-- @AfterTest tearDown -->
  <testcase name="Register" time="0.01" classname="com.DataDriven.NewTours_NewUserRegistartion_MultipleTestData">
    <skipped/>
  </testcase> <!-- Register -->
  <testcase name="UserRegistration" time="0.002" classname="com.DataDriven.NewTours_NewUserRegistartion_MultipleTestData">
    <skipped/>
  </testcase> <!-- UserRegistration -->
</testsuite> <!-- NewUserRegistration -->
